[01:03:54] This is prokka 1.14.6
[01:03:54] Written by Torsten Seemann <torsten.seemann@gmail.com>
[01:03:54] Homepage is https://github.com/tseemann/prokka
[01:03:54] Local time is Tue Sep 21 01:03:54 2021
[01:03:54] You are xeniasu
[01:03:54] Operating system is linux
[01:03:54] You have BioPerl 1.007002
[01:03:54] System has 16 cores.
[01:03:54] Will use maximum of 8 cores.
[01:03:54] Annotating as >>> Viruses <<<
[01:03:54] Generating locus_tag from './prodigal/spades_scaffolds_virus.fasta' contents.
[01:03:54] Setting --locustag BKJNMEOD from MD5 b4376e8d768a631db173ccbdf772f88c
[01:03:54] Creating new output folder: ./prokka_an/
[01:03:54] Running: mkdir -p \.\/prokka_an\/
[01:03:54] Using filename prefix: vv_prot.XXX
[01:03:54] Setting HMMER_NCPU=1
[01:03:54] Writing log to: ./prokka_an//vv_prot.log
[01:03:54] Command: /home/xeniasu/miniconda3/envs/prokka/bin/prokka --outdir ./prokka_an/ --prefix vv_prot --kingdom Viruses --metagenome --mincontiglen 3000 ./prodigal/spades_scaffolds_virus.fasta
[01:03:54] Appending to PATH: /home/xeniasu/miniconda3/envs/prokka/bin
[01:03:54] Looking for 'aragorn' - found /home/xeniasu/miniconda3/envs/prokka/bin/aragorn
[01:03:54] Determined aragorn version is 001002 from 'ARAGORN v1.2.38 Dean Laslett'
[01:03:54] Looking for 'barrnap' - found /home/xeniasu/miniconda3/envs/prokka/bin/barrnap
[01:03:54] Determined barrnap version is 000009 from 'barrnap 0.9'
[01:03:54] Looking for 'blastp' - found /home/xeniasu/miniconda3/envs/prokka/bin/blastp
[01:03:55] Determined blastp version is 002010 from 'blastp: 2.10.1+'
[01:03:55] Looking for 'cmpress' - found /home/xeniasu/miniconda3/envs/prokka/bin/cmpress
[01:03:55] Determined cmpress version is 001001 from '# INFERNAL 1.1.4 (Dec 2020)'
[01:03:55] Looking for 'cmscan' - found /home/xeniasu/miniconda3/envs/prokka/bin/cmscan
[01:03:55] Determined cmscan version is 001001 from '# INFERNAL 1.1.4 (Dec 2020)'
[01:03:55] Looking for 'egrep' - found /bin/egrep
[01:03:55] Looking for 'find' - found /usr/bin/find
[01:03:55] Looking for 'grep' - found /bin/grep
[01:03:55] Looking for 'hmmpress' - found /home/xeniasu/miniconda3/envs/prokka/bin/hmmpress
[01:03:55] Determined hmmpress version is 003003 from '# HMMER 3.3.2 (Nov 2020); http://hmmer.org/'
[01:03:55] Looking for 'hmmscan' - found /home/xeniasu/miniconda3/envs/prokka/bin/hmmscan
[01:03:55] Determined hmmscan version is 003003 from '# HMMER 3.3.2 (Nov 2020); http://hmmer.org/'
[01:03:55] Looking for 'java' - found /home/xeniasu/miniconda3/envs/prokka/bin/java
[01:03:55] Looking for 'makeblastdb' - found /home/xeniasu/miniconda3/envs/prokka/bin/makeblastdb
[01:03:55] Determined makeblastdb version is 002010 from 'makeblastdb: 2.10.1+'
[01:03:55] Looking for 'minced' - found /home/xeniasu/miniconda3/envs/prokka/bin/minced
[01:03:56] Determined minced version is 004002 from 'minced 0.4.2'
[01:03:56] Looking for 'parallel' - found /home/xeniasu/miniconda3/envs/prokka/bin/parallel
[01:03:57] Determined parallel version is 20210822 from 'GNU parallel 20210822'
[01:03:57] Looking for 'prodigal' - found /home/xeniasu/miniconda3/envs/prokka/bin/prodigal
[01:03:57] Determined prodigal version is 002006 from 'Prodigal V2.6.3: February, 2016'
[01:03:57] Looking for 'prokka-genbank_to_fasta_db' - found /home/xeniasu/miniconda3/envs/prokka/bin/prokka-genbank_to_fasta_db
[01:03:57] Looking for 'sed' - found /bin/sed
[01:03:57] Looking for 'tbl2asn' - found /home/xeniasu/miniconda3/envs/prokka/bin/tbl2asn
[01:03:57] Determined tbl2asn version is 025007 from 'tbl2asn 25.7   arguments:'
[01:03:57] Using genetic code table 1.
[01:03:57] Loading and checking input file: ./prodigal/spades_scaffolds_virus.fasta
[01:03:57] Skipping short (<3000 bp) contig: NODE_24_length_2983_cov_3.235375
[01:03:57] Skipping short (<3000 bp) contig: NODE_27_length_2928_cov_4.267181
[01:03:57] Skipping short (<3000 bp) contig: NODE_101_length_1980_cov_5.556782
[01:03:57] Skipping short (<3000 bp) contig: NODE_190_length_1559_cov_2.563428
[01:03:57] Skipping short (<3000 bp) contig: NODE_212_length_1519_cov_3.075589
[01:03:57] Skipping short (<3000 bp) contig: NODE_241_length_1460_cov_4.279103
[01:03:57] Skipping short (<3000 bp) contig: NODE_309_length_1354_cov_3.766823
[01:03:57] Skipping short (<3000 bp) contig: NODE_313_length_1351_cov_6.924647
[01:03:57] Skipping short (<3000 bp) contig: NODE_322_length_1340_cov_10.219319
[01:03:57] Skipping short (<3000 bp) contig: NODE_343_length_1304_cov_2.455583
[01:03:57] Skipping short (<3000 bp) contig: NODE_354_length_1287_cov_2.422663
[01:03:57] Skipping short (<3000 bp) contig: NODE_387_length_1235_cov_9.336788
[01:03:57] Skipping short (<3000 bp) contig: NODE_395_length_1228_cov_5.606429
[01:03:57] Skipping short (<3000 bp) contig: NODE_452_length_1162_cov_6.852535
[01:03:57] Skipping short (<3000 bp) contig: NODE_459_length_1158_cov_1.272895
[01:03:57] Skipping short (<3000 bp) contig: NODE_507_length_1120_cov_2.348993
[01:03:57] Skipping short (<3000 bp) contig: NODE_590_length_1052_cov_4.171282
[01:03:57] Skipping short (<3000 bp) contig: NODE_603_length_1041_cov_6.146266
[01:03:57] Skipping short (<3000 bp) contig: NODE_722_length_965_cov_4.207207
[01:03:57] Skipping short (<3000 bp) contig: NODE_738_length_956_cov_4.916951
[01:03:57] Skipping short (<3000 bp) contig: NODE_884_length_890_cov_1.690037
[01:03:57] Skipping short (<3000 bp) contig: NODE_889_length_888_cov_1.678175
[01:03:57] Skipping short (<3000 bp) contig: NODE_968_length_848_cov_7.676166
[01:03:57] Skipping short (<3000 bp) contig: NODE_994_length_841_cov_4.975131
[01:03:57] Skipping short (<3000 bp) contig: NODE_1013_length_831_cov_9.659151
[01:03:57] Skipping short (<3000 bp) contig: NODE_1099_length_804_cov_0.810179
[01:03:57] Skipping short (<3000 bp) contig: NODE_1108_length_800_cov_6.088520
[01:03:57] Skipping short (<3000 bp) contig: NODE_1152_length_786_cov_2.856135
[01:03:57] Skipping short (<3000 bp) contig: NODE_1194_length_776_cov_2.959943
[01:03:57] Skipping short (<3000 bp) contig: NODE_1254_length_760_cov_2.531479
[01:03:57] Skipping short (<3000 bp) contig: NODE_1306_length_748_cov_1.453055
[01:03:57] Skipping short (<3000 bp) contig: NODE_1404_length_728_cov_2.981567
[01:03:57] Skipping short (<3000 bp) contig: NODE_1446_length_721_cov_4.099379
[01:03:57] Skipping short (<3000 bp) contig: NODE_1487_length_713_cov_3.088050
[01:03:57] Skipping short (<3000 bp) contig: NODE_1508_length_708_cov_2.347068
[01:03:57] Skipping short (<3000 bp) contig: NODE_1538_length_706_cov_1.332268
[01:03:57] Skipping short (<3000 bp) contig: NODE_1554_length_700_cov_1.675762
[01:03:57] Skipping short (<3000 bp) contig: NODE_1612_length_687_cov_1.808197
[01:03:57] Skipping short (<3000 bp) contig: NODE_1844_length_649_cov_2.094406
[01:03:57] Skipping short (<3000 bp) contig: NODE_1906_length_640_cov_3.456483
[01:03:57] Skipping short (<3000 bp) contig: NODE_2101_length_619_cov_1.308118
[01:03:57] Skipping short (<3000 bp) contig: NODE_2200_length_609_cov_1.827068
[01:03:57] Skipping short (<3000 bp) contig: NODE_2207_length_608_cov_2.000000
[01:03:57] Skipping short (<3000 bp) contig: NODE_2289_length_598_cov_1.153257
[01:03:57] Skipping short (<3000 bp) contig: NODE_2314_length_596_cov_2.676301
[01:03:57] Skipping short (<3000 bp) contig: NODE_2370_length_590_cov_1.473684
[01:03:57] Skipping short (<3000 bp) contig: NODE_2383_length_588_cov_3.592955
[01:03:57] Skipping short (<3000 bp) contig: NODE_2392_length_587_cov_2.949020
[01:03:57] Skipping short (<3000 bp) contig: NODE_2582_length_571_cov_1.052632
[01:03:57] Skipping short (<3000 bp) contig: NODE_2611_length_568_cov_5.560081
[01:03:57] Skipping short (<3000 bp) contig: NODE_2708_length_560_cov_2.016563
[01:03:57] Skipping short (<3000 bp) contig: NODE_2855_length_548_cov_1.447983
[01:03:57] Skipping short (<3000 bp) contig: NODE_2861_length_547_cov_2.312766
[01:03:57] Skipping short (<3000 bp) contig: NODE_2884_length_545_cov_1.711538
[01:03:57] Skipping short (<3000 bp) contig: NODE_2920_length_543_cov_1.995708
[01:03:57] Skipping short (<3000 bp) contig: NODE_2973_length_540_cov_1.170626
[01:03:57] Skipping short (<3000 bp) contig: NODE_3088_length_532_cov_2.109890
[01:03:57] Skipping short (<3000 bp) contig: NODE_3098_length_531_cov_2.832599
[01:03:57] Skipping short (<3000 bp) contig: NODE_3102_length_531_cov_1.973568
[01:03:57] Skipping short (<3000 bp) contig: NODE_3335_length_518_cov_0.843537
[01:03:57] Skipping short (<3000 bp) contig: NODE_3387_length_515_cov_1.385845
[01:03:57] Skipping short (<3000 bp) contig: NODE_3592_length_503_cov_3.154930
[01:03:57] Skipping short (<3000 bp) contig: NODE_3643_length_501_cov_1.596698
[01:03:57] Skipping short (<3000 bp) contig: NODE_3651_length_500_cov_4.335697
[01:03:57] Skipping short (<3000 bp) contig: NODE_3827_length_493_cov_1.627404
[01:03:57] Skipping short (<3000 bp) contig: NODE_3928_length_488_cov_1.802920
[01:03:57] Skipping short (<3000 bp) contig: NODE_4106_length_481_cov_1.579208
[01:03:57] Skipping short (<3000 bp) contig: NODE_4188_length_478_cov_0.725686
[01:03:57] Skipping short (<3000 bp) contig: NODE_4199_length_477_cov_2.555000
[01:03:57] Skipping short (<3000 bp) contig: NODE_4215_length_477_cov_0.790000
[01:03:57] Skipping short (<3000 bp) contig: NODE_4319_length_473_cov_1.189394
[01:03:57] Skipping short (<3000 bp) contig: NODE_4344_length_472_cov_1.637975
[01:03:57] Skipping short (<3000 bp) contig: NODE_4420_length_469_cov_4.520408
[01:03:57] Skipping short (<3000 bp) contig: NODE_4427_length_469_cov_2.295918
[01:03:57] Skipping short (<3000 bp) contig: NODE_4567_length_464_cov_4.155039
[01:03:57] Skipping short (<3000 bp) contig: NODE_4602_length_463_cov_2.613990
[01:03:57] Skipping short (<3000 bp) contig: NODE_4843_length_455_cov_4.481481
[01:03:57] Skipping short (<3000 bp) contig: NODE_5044_length_449_cov_4.596774
[01:03:57] Skipping short (<3000 bp) contig: NODE_5145_length_446_cov_0.734417
[01:03:57] Skipping short (<3000 bp) contig: NODE_5239_length_443_cov_0.931694
[01:03:57] Skipping short (<3000 bp) contig: NODE_5484_length_435_cov_1.844011
[01:03:57] Skipping short (<3000 bp) contig: NODE_5517_length_435_cov_1.896648
[01:03:57] Skipping short (<3000 bp) contig: NODE_5658_length_432_cov_0.830986
[01:03:57] Skipping short (<3000 bp) contig: NODE_6109_length_420_cov_1.909621
[01:03:57] Skipping short (<3000 bp) contig: NODE_6216_length_417_cov_6.358824
[01:03:57] Skipping short (<3000 bp) contig: NODE_6256_length_416_cov_3.289086
[01:03:57] Skipping short (<3000 bp) contig: NODE_6258_length_416_cov_3.132743
[01:03:57] Skipping short (<3000 bp) contig: NODE_6592_length_409_cov_0.719880
[01:03:57] Skipping short (<3000 bp) contig: NODE_6631_length_408_cov_1.108761
[01:03:57] Skipping short (<3000 bp) contig: NODE_6692_length_406_cov_3.088146
[01:03:57] Skipping short (<3000 bp) contig: NODE_6876_length_403_cov_1.622699
[01:03:57] Skipping short (<3000 bp) contig: NODE_6952_length_402_cov_0.880000
[01:03:57] Skipping short (<3000 bp) contig: NODE_7234_length_396_cov_3.009404
[01:03:57] Skipping short (<3000 bp) contig: NODE_7681_length_388_cov_2.704180
[01:03:57] Skipping short (<3000 bp) contig: NODE_8115_length_382_cov_1.236066
[01:03:57] Skipping short (<3000 bp) contig: NODE_8147_length_381_cov_3.608553
[01:03:57] Skipping short (<3000 bp) contig: NODE_8160_length_381_cov_2.549342
[01:03:57] Skipping short (<3000 bp) contig: NODE_8185_length_381_cov_1.118421
[01:03:57] Skipping short (<3000 bp) contig: NODE_8477_length_376_cov_4.036789
[01:03:57] Skipping short (<3000 bp) contig: NODE_9265_length_366_cov_1.013841
[01:03:57] Skipping short (<3000 bp) contig: NODE_9903_length_358_cov_2.540925
[01:03:57] Skipping short (<3000 bp) contig: NODE_9911_length_358_cov_2.142349
[01:03:57] Skipping short (<3000 bp) contig: NODE_10188_length_355_cov_0.661871
[01:03:57] Skipping short (<3000 bp) contig: NODE_10400_length_352_cov_2.396364
[01:03:57] Skipping short (<3000 bp) contig: NODE_11041_length_346_cov_0.591078
[01:03:57] Skipping short (<3000 bp) contig: NODE_11181_length_344_cov_1.981273
[01:03:57] Skipping short (<3000 bp) contig: NODE_11293_length_343_cov_1.736842
[01:03:57] Skipping short (<3000 bp) contig: NODE_11759_length_338_cov_3.766284
[01:03:57] Skipping short (<3000 bp) contig: NODE_12006_length_336_cov_1.548263
[01:03:57] Skipping short (<3000 bp) contig: NODE_12091_length_335_cov_2.031008
[01:03:57] Skipping short (<3000 bp) contig: NODE_12532_length_331_cov_4.307087
[01:03:57] Skipping short (<3000 bp) contig: NODE_13173_length_325_cov_1.469880
[01:03:57] Skipping short (<3000 bp) contig: NODE_13400_length_324_cov_1.481781
[01:03:57] Skipping short (<3000 bp) contig: NODE_13423_length_324_cov_1.089069
[01:03:57] Skipping short (<3000 bp) contig: NODE_13692_length_322_cov_0.579592
[01:03:57] Skipping short (<3000 bp) contig: NODE_13870_length_320_cov_2.086420
[01:03:57] Skipping short (<3000 bp) contig: NODE_14015_length_319_cov_1.243802
[01:03:57] Skipping short (<3000 bp) contig: NODE_14154_length_318_cov_0.838174
[01:03:57] Skipping short (<3000 bp) contig: NODE_14385_length_316_cov_1.476987
[01:03:57] Skipping short (<3000 bp) contig: NODE_14930_length_312_cov_0.540426
[01:03:57] Skipping short (<3000 bp) contig: NODE_15025_length_311_cov_1.491453
[01:03:57] Skipping short (<3000 bp) contig: NODE_15393_length_308_cov_2.164502
[01:03:57] Skipping short (<3000 bp) contig: NODE_15504_length_307_cov_3.986957
[01:03:57] Skipping short (<3000 bp) contig: NODE_15527_length_307_cov_2.739130
[01:03:57] Skipping short (<3000 bp) contig: NODE_15681_length_306_cov_1.655022
[01:03:57] Skipping short (<3000 bp) contig: NODE_15778_length_305_cov_2.350877
[01:03:57] Skipping short (<3000 bp) contig: NODE_16212_length_302_cov_1.866667
[01:03:57] Skipping short (<3000 bp) contig: NODE_17969_length_292_cov_0.739535
[01:03:57] Skipping short (<3000 bp) contig: NODE_18055_length_291_cov_2.724299
[01:03:57] Skipping short (<3000 bp) contig: NODE_18345_length_291_cov_1.191589
[01:03:57] Skipping short (<3000 bp) contig: NODE_19285_length_289_cov_1.716981
[01:03:57] Skipping short (<3000 bp) contig: NODE_19395_length_289_cov_1.363208
[01:03:57] Skipping short (<3000 bp) contig: NODE_19842_length_288_cov_1.573460
[01:03:57] Skipping short (<3000 bp) contig: NODE_22429_length_284_cov_1.009662
[01:03:57] Skipping short (<3000 bp) contig: NODE_22509_length_283_cov_4.723301
[01:03:57] Skipping short (<3000 bp) contig: NODE_23000_length_283_cov_1.063107
[01:03:57] Skipping short (<3000 bp) contig: NODE_23213_length_282_cov_2.317073
[01:03:57] Skipping short (<3000 bp) contig: NODE_24397_length_281_cov_0.725490
[01:03:57] Skipping short (<3000 bp) contig: NODE_27337_length_278_cov_0.726368
[01:03:57] Skipping short (<3000 bp) contig: NODE_28841_length_276_cov_1.462312
[01:03:57] Skipping short (<3000 bp) contig: NODE_28902_length_276_cov_1.306533
[01:03:57] Skipping short (<3000 bp) contig: NODE_28991_length_276_cov_1.115578
[01:03:57] Skipping short (<3000 bp) contig: NODE_29247_length_276_cov_0.738693
[01:03:57] Skipping short (<3000 bp) contig: NODE_29407_length_276_cov_0.728643
[01:03:57] Skipping short (<3000 bp) contig: NODE_30118_length_275_cov_0.747475
[01:03:57] Skipping short (<3000 bp) contig: NODE_30744_length_274_cov_1.502538
[01:03:57] Skipping short (<3000 bp) contig: NODE_31411_length_274_cov_0.736041
[01:03:57] Skipping short (<3000 bp) contig: NODE_31999_length_273_cov_1.051020
[01:03:57] Skipping short (<3000 bp) contig: NODE_32369_length_273_cov_0.744898
[01:03:57] Skipping short (<3000 bp) contig: NODE_32380_length_273_cov_0.744898
[01:03:57] Skipping short (<3000 bp) contig: NODE_32579_length_272_cov_2.958974
[01:03:57] Skipping short (<3000 bp) contig: NODE_32879_length_272_cov_1.492308
[01:03:57] Skipping short (<3000 bp) contig: NODE_35180_length_270_cov_0.766839
[01:03:57] Skipping short (<3000 bp) contig: NODE_35965_length_269_cov_1.520833
[01:03:57] Skipping short (<3000 bp) contig: NODE_37210_length_268_cov_1.036649
[01:03:57] Skipping short (<3000 bp) contig: NODE_38084_length_267_cov_1.531579
[01:03:57] Skipping short (<3000 bp) contig: NODE_38110_length_267_cov_1.521053
[01:03:57] Skipping short (<3000 bp) contig: NODE_38548_length_267_cov_0.773684
[01:03:57] Skipping short (<3000 bp) contig: NODE_39089_length_266_cov_1.544974
[01:03:57] Skipping short (<3000 bp) contig: NODE_41214_length_264_cov_1.342246
[01:03:57] Skipping short (<3000 bp) contig: NODE_42179_length_263_cov_1.553763
[01:03:57] Skipping short (<3000 bp) contig: NODE_44941_length_260_cov_3.978142
[01:03:57] Skipping short (<3000 bp) contig: NODE_45075_length_260_cov_2.404372
[01:03:57] Skipping short (<3000 bp) contig: NODE_45192_length_260_cov_1.672131
[01:03:57] Skipping short (<3000 bp) contig: NODE_46413_length_259_cov_1.445055
[01:03:57] Skipping short (<3000 bp) contig: NODE_47020_length_258_cov_6.419890
[01:03:57] Skipping short (<3000 bp) contig: NODE_47780_length_258_cov_0.812155
[01:03:57] Skipping short (<3000 bp) contig: NODE_48102_length_257_cov_5.888889
[01:03:57] Skipping short (<3000 bp) contig: NODE_49092_length_257_cov_0.755556
[01:03:57] Skipping short (<3000 bp) contig: NODE_50564_length_255_cov_2.455056
[01:03:57] Skipping short (<3000 bp) contig: NODE_51067_length_255_cov_0.831461
[01:03:57] Skipping short (<3000 bp) contig: NODE_51740_length_254_cov_2.158192
[01:03:57] Skipping short (<3000 bp) contig: NODE_51760_length_254_cov_1.796610
[01:03:57] Skipping short (<3000 bp) contig: NODE_52380_length_254_cov_0.819209
[01:03:57] Skipping short (<3000 bp) contig: NODE_52960_length_253_cov_1.659091
[01:03:57] Skipping short (<3000 bp) contig: NODE_54354_length_252_cov_0.845714
[01:03:57] Skipping short (<3000 bp) contig: NODE_57394_length_249_cov_1.691860
[01:03:57] Skipping short (<3000 bp) contig: NODE_63300_length_244_cov_0.880240
[01:03:57] Skipping short (<3000 bp) contig: NODE_66666_length_241_cov_0.902439
[01:03:57] Skipping short (<3000 bp) contig: NODE_67683_length_240_cov_0.907975
[01:03:57] Skipping short (<3000 bp) contig: NODE_70651_length_237_cov_2.743750
[01:03:57] Skipping short (<3000 bp) contig: NODE_72127_length_236_cov_1.666667
[01:03:57] Skipping short (<3000 bp) contig: NODE_72294_length_236_cov_0.930818
[01:03:57] Skipping short (<3000 bp) contig: NODE_72903_length_235_cov_3.670886
[01:03:57] Skipping short (<3000 bp) contig: NODE_74472_length_234_cov_1.726115
[01:03:57] Skipping short (<3000 bp) contig: NODE_74535_length_234_cov_1.426752
[01:03:57] Skipping short (<3000 bp) contig: NODE_75722_length_233_cov_1.442308
[01:03:57] Skipping short (<3000 bp) contig: NODE_76764_length_232_cov_1.877419
[01:03:57] Skipping short (<3000 bp) contig: NODE_80085_length_229_cov_1.927632
[01:03:57] Wrote 5 contigs totalling 46440 bp.
[01:03:57] Predicting tRNAs and tmRNAs
[01:03:57] Running: aragorn -l -gc1  -w \.\/prokka_an\/\/vv_prot\.fna
[01:03:57] Found 0 tRNAs
[01:03:57] Disabling rRNA search: --kingdom=Viruses or --norrna=0
[01:03:57] Skipping ncRNA search, enable with --rfam if desired.
[01:03:57] Total of 0 tRNA + rRNA features
[01:03:57] Searching for CRISPR repeats
[01:03:58] Found 0 CRISPRs
[01:03:58] Predicting coding sequences
[01:03:58] Contigs total 46440 bp, so using meta mode
[01:03:58] Running: prodigal -i \.\/prokka_an\/\/vv_prot\.fna -c -m -g 1 -p meta -f sco -q
[01:03:59] Found 30 CDS
[01:03:59] Connecting features back to sequences
[01:03:59] Not using genus-specific database. Try --usegenus to enable it.
[01:03:59] Annotating CDS, please be patient.
[01:03:59] Will use 8 CPUs for similarity searching.
[01:03:59] There are still 30 unannotated CDS left (started with 30)
[01:03:59] Will use blast to search against /home/xeniasu/miniconda3/envs/prokka/db/kingdom/Viruses/sprot with 8 CPUs
[01:03:59] Running: cat \.\/prokka_an\/\/vv_prot\.sprot\.tmp\.7583\.faa | parallel --gnu --plain -j 8 --block 871 --recstart '>' --pipe blastp -query - -db /home/xeniasu/miniconda3/envs/prokka/db/kingdom/Viruses/sprot -evalue 1e-09 -qcov_hsp_perc 80 -num_threads 1 -num_descriptions 1 -num_alignments 1 -seg no > \.\/prokka_an\/\/vv_prot\.sprot\.tmp\.7583\.blast 2> /dev/null
[01:04:03] Deleting unwanted file: ./prokka_an//vv_prot.sprot.tmp.7583.faa
[01:04:03] Deleting unwanted file: ./prokka_an//vv_prot.sprot.tmp.7583.blast
[01:04:03] Labelling remaining 17 proteins as 'hypothetical protein'
[01:04:03] Found 13 unique /gene codes.
[01:04:03] Fixed 0 colliding /gene names.
[01:04:03] Adding /locus_tag identifiers
[01:04:03] Assigned 30 locus_tags to CDS and RNA features.
[01:04:03] Writing outputs to ./prokka_an//
[01:04:03] Generating annotation statistics file
[01:04:03] Generating Genbank and Sequin files
[01:04:03] Running: tbl2asn -V b -a r10k -l paired-ends -M n -N 1 -y 'Annotated using prokka 1.14.6 from https://github.com/tseemann/prokka' -Z \.\/prokka_an\/\/vv_prot\.err -i \.\/prokka_an\/\/vv_prot\.fsa 2> /dev/null
[01:04:04] Deleting unwanted file: ./prokka_an//errorsummary.val
[01:04:04] Deleting unwanted file: ./prokka_an//vv_prot.dr
[01:04:04] Deleting unwanted file: ./prokka_an//vv_prot.fixedproducts
[01:04:04] Deleting unwanted file: ./prokka_an//vv_prot.ecn
[01:04:04] Deleting unwanted file: ./prokka_an//vv_prot.val
[01:04:04] Repairing broken .GBK output that tbl2asn produces...
[01:04:04] Running: sed 's/COORDINATES: profile/COORDINATES:profile/' < \.\/prokka_an\/\/vv_prot\.gbf > \.\/prokka_an\/\/vv_prot\.gbk
[01:04:04] Deleting unwanted file: ./prokka_an//vv_prot.gbf
[01:04:04] Output files:
[01:04:04] ./prokka_an/vv_prot.fsa
[01:04:04] ./prokka_an/vv_prot.txt
[01:04:04] ./prokka_an/vv_prot.gbk
[01:04:04] ./prokka_an/vv_prot.log
[01:04:04] ./prokka_an/vv_prot.faa
[01:04:04] ./prokka_an/vv_prot.tsv
[01:04:04] ./prokka_an/vv_prot.err
[01:04:04] ./prokka_an/vv_prot.ffn
[01:04:04] ./prokka_an/vv_prot.sqn
[01:04:04] ./prokka_an/vv_prot.fna
[01:04:04] ./prokka_an/vv_prot.tbl
[01:04:04] ./prokka_an/vv_prot.gff
[01:04:04] Annotation finished successfully.
[01:04:04] Walltime used: 0.17 minutes
[01:04:04] If you use this result please cite the Prokka paper:
[01:04:04] Seemann T (2014) Prokka: rapid prokaryotic genome annotation. Bioinformatics. 30(14):2068-9.
[01:04:04] Type 'prokka --citation' for more details.
[01:04:04] Thank you, come again.
